2020-01-10 22:31:New connection from 202.110.209.177;48788 -- Server.cpp : 46
2020-01-10 22:31:New connection from 202.110.209.177;48787 -- Server.cpp : 46
2020-01-10 22:31:
Request:
GET / HTTP/1.1
Host: 139.9.118.163:8888
Connection: keep-alive
Cache-Control: max-age=0
Upgrade-Insecure-Requests: 1
User-Agent: Mozilla/5.0 (Windows NT 10.0; Win64; x64) AppleWebKit/537.36 (KHTML, like Gecko) Chrome/79.0.3945.88 Safari/537.36
Accept: text/html,application/xhtml+xml,application/xml;q=0.9,image/webp,image/apng,*/*;q=0.8,application/signed-exchange;v=b3;q=0.9
Accept-Encoding: gzip, deflate
Accept-Language: zh-CN,zh;q=0.9,en;q=0.8,zh-TW;q=0.7

 -- HttpData.cpp : 193
2020-01-10 22:31:
Request:
GET /favicon.ico HTTP/1.1
Host: 139.9.118.163:8888
Connection: keep-alive
Pragma: no-cache
Cache-Control: no-cache
User-Agent: Mozilla/5.0 (Windows NT 10.0; Win64; x64) AppleWebKit/537.36 (KHTML, like Gecko) Chrome/79.0.3945.88 Safari/537.36
Accept: image/webp,image/apng,image/*,*/*;q=0.8
Referer: http://139.9.118.163:8888/
Accept-Encoding: gzip, deflate
Accept-Language: zh-CN,zh;q=0.9,en;q=0.8,zh-TW;q=0.7

 -- HttpData.cpp : 193
2020-01-11 11:16:New connection from 202.110.209.177;56318 -- Server.cpp : 46
2020-01-11 11:16:New connection from 202.110.209.177;56319 -- Server.cpp : 46
2020-01-11 11:16:New connection from 202.110.209.177;56323 -- Server.cpp : 46
2020-01-11 11:16:New connection from 202.110.209.177;56324 -- Server.cpp : 46
2020-01-11 11:16:New connection from 202.110.209.177;56334 -- Server.cpp : 46
2020-01-11 11:16:New connection from 202.110.209.177;56335 -- Server.cpp : 46
2020-01-11 11:16:New connection from 202.110.209.177;56343 -- Server.cpp : 46
2020-01-11 11:16:New connection from 202.110.209.177;56344 -- Server.cpp : 46
2020-01-11 11:20:New connection from 202.110.209.177;59440 -- Server.cpp : 46
2020-01-11 11:20:
Request:
GET / HTTP/1.1
Host: 139.9.118.163:8888
Connection: keep-alive
Cache-Control: max-age=0
Upgrade-Insecure-Requests: 1
User-Agent: Mozilla/5.0 (Windows NT 10.0; Win64; x64) AppleWebKit/537.36 (KHTML, like Gecko) Chrome/79.0.3945.88 Safari/537.36
Accept: text/html,application/xhtml+xml,application/xml;q=0.9,image/webp,image/apng,*/*;q=0.8,application/signed-exchange;v=b3;q=0.9
Accept-Encoding: gzip, deflate
Accept-Language: zh-CN,zh;q=0.9,en;q=0.8,zh-TW;q=0.7

 -- HttpData.cpp : 193
2020-01-11 11:20:New connection from 202.110.209.177;59439 -- Server.cpp : 46
2020-01-11 11:20:
Request:
GET /favicon.ico HTTP/1.1
Host: 139.9.118.163:8888
Connection: keep-alive
Pragma: no-cache
Cache-Control: no-cache
User-Agent: Mozilla/5.0 (Windows NT 10.0; Win64; x64) AppleWebKit/537.36 (KHTML, like Gecko) Chrome/79.0.3945.88 Safari/537.36
Accept: image/webp,image/apng,image/*,*/*;q=0.8
Referer: http://139.9.118.163:8888/
Accept-Encoding: gzip, deflate
Accept-Language: zh-CN,zh;q=0.9,en;q=0.8,zh-TW;q=0.7

 -- HttpData.cpp : 193
2020-01-11 11:20:New connection from 202.110.209.177;59446 -- Server.cpp : 46
2020-01-11 11:20:
Request:
GET / HTTP/1.1
Host: 139.9.118.163:8888
Connection: keep-alive
Cache-Control: max-age=0
Upgrade-Insecure-Requests: 1
User-Agent: Mozilla/5.0 (Windows NT 10.0; Win64; x64) AppleWebKit/537.36 (KHTML, like Gecko) Chrome/79.0.3945.88 Safari/537.36
Accept: text/html,application/xhtml+xml,application/xml;q=0.9,image/webp,image/apng,*/*;q=0.8,application/signed-exchange;v=b3;q=0.9
Accept-Encoding: gzip, deflate
Accept-Language: zh-CN,zh;q=0.9,en;q=0.8,zh-TW;q=0.7

 -- HttpData.cpp : 193
2020-01-11 11:20:
Request:
 -- HttpData.cpp : 193
2020-01-11 11:20:New connection from 202.110.209.177;59447 -- Server.cpp : 46
2020-01-11 11:20:
Request:
GET /favicon.ico HTTP/1.1
Host: 139.9.118.163:8888
Connection: keep-alive
Pragma: no-cache
Cache-Control: no-cache
User-Agent: Mozilla/5.0 (Windows NT 10.0; Win64; x64) AppleWebKit/537.36 (KHTML, like Gecko) Chrome/79.0.3945.88 Safari/537.36
Accept: image/webp,image/apng,image/*,*/*;q=0.8
Referer: http://139.9.118.163:8888/
Accept-Encoding: gzip, deflate
Accept-Language: zh-CN,zh;q=0.9,en;q=0.8,zh-TW;q=0.7

 -- HttpData.cpp : 193
2020-01-11 11:39:New connection from 202.110.209.177;12146 -- Server.cpp : 46
2020-01-11 11:39:New connection from 202.110.209.177;12145 -- Server.cpp : 46
2020-01-11 11:39:
Request:
GET / HTTP/1.1
Host: 139.9.118.163:8888
Connection: keep-alive
Cache-Control: max-age=0
Upgrade-Insecure-Requests: 1
User-Agent: Mozilla/5.0 (Windows NT 10.0; Win64; x64) AppleWebKit/537.36 (KHTML, like Gecko) Chrome/79.0.3945.88 Safari/537.36
Accept: text/html,application/xhtml+xml,application/xml;q=0.9,image/webp,image/apng,*/*;q=0.8,application/signed-exchange;v=b3;q=0.9
Accept-Encoding: gzip, deflate
Accept-Language: zh-CN,zh;q=0.9,en;q=0.8,zh-TW;q=0.7

 -- HttpData.cpp : 193
2020-01-11 11:39:
Request:
GET /favicon.ico HTTP/1.1
Host: 139.9.118.163:8888
Connection: keep-alive
Pragma: no-cache
Cache-Control: no-cache
User-Agent: Mozilla/5.0 (Windows NT 10.0; Win64; x64) AppleWebKit/537.36 (KHTML, like Gecko) Chrome/79.0.3945.88 Safari/537.36
Accept: image/webp,image/apng,image/*,*/*;q=0.8
Referer: http://139.9.118.163:8888/
Accept-Encoding: gzip, deflate
Accept-Language: zh-CN,zh;q=0.9,en;q=0.8,zh-TW;q=0.7

 -- HttpData.cpp : 193
2020-01-11 11:40:New connection from 202.110.209.177;12595 -- Server.cpp : 46
2020-01-11 11:40:
Request:
GET / HTTP/1.1
Host: 139.9.118.163:8888
Connection: keep-alive
Cache-Control: max-age=0
Upgrade-Insecure-Requests: 1
User-Agent: Mozilla/5.0 (Windows NT 10.0; Win64; x64) AppleWebKit/537.36 (KHTML, like Gecko) Chrome/79.0.3945.88 Safari/537.36
Accept: text/html,application/xhtml+xml,application/xml;q=0.9,image/webp,image/apng,*/*;q=0.8,application/signed-exchange;v=b3;q=0.9
Accept-Encoding: gzip, deflate
Accept-Language: zh-CN,zh;q=0.9,en;q=0.8,zh-TW;q=0.7

 -- HttpData.cpp : 193
2020-01-11 11:40:
Request:
 -- HttpData.cpp : 193
2020-01-11 11:40:New connection from 202.110.209.177;12596 -- Server.cpp : 46
2020-01-11 11:40:
Request:
GET /favicon.ico HTTP/1.1
Host: 139.9.118.163:8888
Connection: keep-alive
Pragma: no-cache
Cache-Control: no-cache
User-Agent: Mozilla/5.0 (Windows NT 10.0; Win64; x64) AppleWebKit/537.36 (KHTML, like Gecko) Chrome/79.0.3945.88 Safari/537.36
Accept: image/webp,image/apng,image/*,*/*;q=0.8
Referer: http://139.9.118.163:8888/
Accept-Encoding: gzip, deflate
Accept-Language: zh-CN,zh;q=0.9,en;q=0.8,zh-TW;q=0.7

 -- HttpData.cpp : 193
2020-01-11 11:41:New connection from 202.110.209.177;13123 -- Server.cpp : 46
2020-01-11 11:41:
Request:
GET /hello HTTP/1.1
User-Agent: Wget/1.19.4 (linux-gnu)
Accept: */*
Accept-Encoding: identity
Host: 139.9.118.163:8888
Connection: Keep-Alive

 -- HttpData.cpp : 193
2020-01-11 11:41:
Request:
 -- HttpData.cpp : 193
2020-01-11 11:41:New connection from 202.110.209.177;13285 -- Server.cpp : 46
2020-01-11 11:41:New connection from 202.110.209.177;13286 -- Server.cpp : 46
2020-01-11 11:41:
Request:
GET / HTTP/1.1
Host: 139.9.118.163:8888
Connection: keep-alive
Cache-Control: max-age=0
Upgrade-Insecure-Requests: 1
User-Agent: Mozilla/5.0 (Windows NT 10.0; Win64; x64) AppleWebKit/537.36 (KHTML, like Gecko) Chrome/79.0.3945.88 Safari/537.36
Accept: text/html,application/xhtml+xml,application/xml;q=0.9,image/webp,image/apng,*/*;q=0.8,application/signed-exchange;v=b3;q=0.9
Accept-Encoding: gzip, deflate
Accept-Language: zh-CN,zh;q=0.9,en;q=0.8,zh-TW;q=0.7

 -- HttpData.cpp : 193
2020-01-11 11:41:
Request:
GET /favicon.ico HTTP/1.1
Host: 139.9.118.163:8888
Connection: keep-alive
Pragma: no-cache
Cache-Control: no-cache
User-Agent: Mozilla/5.0 (Windows NT 10.0; Win64; x64) AppleWebKit/537.36 (KHTML, like Gecko) Chrome/79.0.3945.88 Safari/537.36
Accept: image/webp,image/apng,image/*,*/*;q=0.8
Referer: http://139.9.118.163:8888/
Accept-Encoding: gzip, deflate
Accept-Language: zh-CN,zh;q=0.9,en;q=0.8,zh-TW;q=0.7

 -- HttpData.cpp : 193
2020-01-11 12:14:
Request:
 -- HttpData.cpp : 193
2020-01-11 12:39:New connection from 54.183.166.71;42200 -- Server.cpp : 46
2020-01-11 12:39:
Request:
GET / HTTP/1.1
Host: 139.9.118.163:8888
Connection: close
Accept-Encoding: gzip
User-Agent: Mozilla/5.0 (Macintosh; Intel Mac OS X 10_11_5) AppleWebKit/537.36 (KHTML, like Gecko) Chrome/50.0.2661.102 Safari/537.36

 -- HttpData.cpp : 193
2020-01-11 16:17:New connection from 202.110.209.177;13176 -- Server.cpp : 46
2020-01-11 16:17:New connection from 202.110.209.177;13177 -- Server.cpp : 46
2020-01-11 16:17:
Request:
GET / HTTP/1.1
Host: 139.9.118.163:8888
Connection: keep-alive
Cache-Control: max-age=0
Upgrade-Insecure-Requests: 1
User-Agent: Mozilla/5.0 (Windows NT 10.0; Win64; x64) AppleWebKit/537.36 (KHTML, like Gecko) Chrome/79.0.3945.88 Safari/537.36
Accept: text/html,application/xhtml+xml,application/xml;q=0.9,image/webp,image/apng,*/*;q=0.8,application/signed-exchange;v=b3;q=0.9
Accept-Encoding: gzip, deflate
Accept-Language: zh-CN,zh;q=0.9,en;q=0.8,zh-TW;q=0.7

 -- HttpData.cpp : 193
2020-01-11 16:17:
Request:
GET /favicon.ico HTTP/1.1
Host: 139.9.118.163:8888
Connection: keep-alive
Pragma: no-cache
Cache-Control: no-cache
User-Agent: Mozilla/5.0 (Windows NT 10.0; Win64; x64) AppleWebKit/537.36 (KHTML, like Gecko) Chrome/79.0.3945.88 Safari/537.36
Accept: image/webp,image/apng,image/*,*/*;q=0.8
Referer: http://139.9.118.163:8888/
Accept-Encoding: gzip, deflate
Accept-Language: zh-CN,zh;q=0.9,en;q=0.8,zh-TW;q=0.7

 -- HttpData.cpp : 193
2020-01-11 16:17:New connection from 202.110.209.177;13217 -- Server.cpp : 46
2020-01-11 16:17:
Request:
GET / HTTP/1.1
Host: 139.9.118.163:8888
Connection: keep-alive
Cache-Control: max-age=0
Upgrade-Insecure-Requests: 1
User-Agent: Mozilla/5.0 (Windows NT 10.0; Win64; x64) AppleWebKit/537.36 (KHTML, like Gecko) Chrome/79.0.3945.88 Safari/537.36
Accept: text/html,application/xhtml+xml,application/xml;q=0.9,image/webp,image/apng,*/*;q=0.8,application/signed-exchange;v=b3;q=0.9
Accept-Encoding: gzip, deflate
Accept-Language: zh-CN,zh;q=0.9,en;q=0.8,zh-TW;q=0.7

 -- HttpData.cpp : 193
2020-01-11 16:17:
Request:
 -- HttpData.cpp : 193
2020-01-11 16:17:New connection from 202.110.209.177;13219 -- Server.cpp : 46
2020-01-11 16:17:
Request:
GET /favicon.ico HTTP/1.1
Host: 139.9.118.163:8888
Connection: keep-alive
Pragma: no-cache
Cache-Control: no-cache
User-Agent: Mozilla/5.0 (Windows NT 10.0; Win64; x64) AppleWebKit/537.36 (KHTML, like Gecko) Chrome/79.0.3945.88 Safari/537.36
Accept: image/webp,image/apng,image/*,*/*;q=0.8
Referer: http://139.9.118.163:8888/
Accept-Encoding: gzip, deflate
Accept-Language: zh-CN,zh;q=0.9,en;q=0.8,zh-TW;q=0.7

 -- HttpData.cpp : 193
2020-01-11 16:18:New connection from 202.110.209.177;14493 -- Server.cpp : 46
2020-01-11 16:18:
Request:
GET / HTTP/1.1
Host: 139.9.118.163:8888
Connection: keep-alive
Cache-Control: max-age=0
Upgrade-Insecure-Requests: 1
User-Agent: Mozilla/5.0 (Windows NT 10.0; Win64; x64) AppleWebKit/537.36 (KHTML, like Gecko) Chrome/79.0.3945.88 Safari/537.36
Accept: text/html,application/xhtml+xml,application/xml;q=0.9,image/webp,image/apng,*/*;q=0.8,application/signed-exchange;v=b3;q=0.9
Accept-Encoding: gzip, deflate
Accept-Language: zh-CN,zh;q=0.9,en;q=0.8,zh-TW;q=0.7

 -- HttpData.cpp : 193
2020-01-11 16:18:
Request:
 -- HttpData.cpp : 193
2020-01-11 16:18:New connection from 202.110.209.177;14495 -- Server.cpp : 46
2020-01-11 16:18:
Request:
GET /favicon.ico HTTP/1.1
Host: 139.9.118.163:8888
Connection: keep-alive
Pragma: no-cache
Cache-Control: no-cache
User-Agent: Mozilla/5.0 (Windows NT 10.0; Win64; x64) AppleWebKit/537.36 (KHTML, like Gecko) Chrome/79.0.3945.88 Safari/537.36
Accept: image/webp,image/apng,image/*,*/*;q=0.8
Referer: http://139.9.118.163:8888/
Accept-Encoding: gzip, deflate
Accept-Language: zh-CN,zh;q=0.9,en;q=0.8,zh-TW;q=0.7

 -- HttpData.cpp : 193
2020-01-11 16:18:
Request:
 -- HttpData.cpp : 193
